Arguments: 
  /usr/local/bin/node /usr/local/bin/yarn add extract-loader

PATH: 
  /usr/local/nginx/sbin:/usr/local/pgsql/bin:/Users/administrator/Library/Android/sdk/tools:/Users/administrator/Library/Android/sdk/platform-tools:/usr/local/bin:/usr/bin:/bin:/usr/sbin:/sbin:/usr/local/nginx/sbin:/usr/local/pgsql/bin:/Users/administrator/Library/Android/sdk/tools:/Users/administrator/Library/Android/sdk/platform-tools

Yarn version: 
  0.24.5

Node version: 
  8.0.0

Platform: 
  darwin x64

npm manifest: 
  {
    "name": "webpack-demo",
    "version": "1.0.0",
    "description": "",
    "main": "index.js",
    "scripts": {
      "test": "echo \"Error: no test specified\" && exit 1",
      "dev": "webpack --progress",
      "serve": "serve -o ./dist -p 8089"
    },
    "keywords": [],
    "author": "",
    "license": "ISC",
    "devDependencies": {
      "babel-core": "^6.25.0",
      "babel-loader": "^7.1.1",
      "babel-preset-es2015": "^6.24.1",
      "clean-webpack-plugin": "^0.1.16",
      "css-loader": "^0.28.4",
      "extract-text-webpack-plugin": "^3.0.0",
      "file-loader": "^0.11.2",
      "html-loader": "^0.4.5",
      "html-webpack-plugin": "^2.29.0",
      "serve": "^6.0.2",
      "style-loader": "^0.18.2",
      "webpack": "^3.3.0",
      "webpack-dev-middleware": "^1.11.0",
      "webpack-dev-server": "^2.5.1"
    },
    "dependencies": {
      "lodash": "^4.17.4"
    }
  }

yarn manifest: 
  No manifest

Lockfile: 
  No lockfile

Trace: 
  Error: EEXIST: file already exists, mkdir '/Users/administrator/webpack-demo/node_modules/webpack-dev-server'
